# JRE version: OpenJDK Runtime Environment (8.0_202-b03) (build 1.8.0_202-release-1483-b03)
# Java VM: OpenJDK 64-Bit Server VM (25.202-b03 mixed mode windows-amd64 compressed oops)
Heap:
 PSYoungGen      total 92160K, used 44106K [0x00000000e0000000, 0x00000000e8100000, 0x0000000100000000)
  eden space 81920K, 42% used [0x00000000e0000000,0x00000000e21bc940,0x00000000e5000000)
  from space 10240K, 93% used [0x00000000e5000000,0x00000000e5956168,0x00000000e5a00000)
  to   space 11264K, 0% used [0x00000000e7600000,0x00000000e7600000,0x00000000e8100000)
 ParOldGen       total 69120K, used 25039K [0x00000000a0000000, 0x00000000a4380000, 0x00000000e0000000)
  object space 69120K, 36% used [0x00000000a0000000,0x00000000a1873c58,0x00000000a4380000)
 Metaspace       used 53287K, capacity 54798K, committed 55000K, reserved 1097728K
  class space    used 7249K, capacity 7617K, committed 7640K, reserved 1048576K
GC Heap History (10 events):
Event: 33.298 GC heap before
{Heap before GC invocations=13 (full 1):
 PSYoungGen      total 52736K, used 20947K [0x00000000e0000000, 0x00000000e4d00000, 0x0000000100000000)
  eden space 43520K, 34% used [0x00000000e0000000,0x00000000e0e83b08,0x00000000e2a80000)
  from space 9216K, 66% used [0x00000000e2a80000,0x00000000e30712b0,0x00000000e3380000)
  to   space 9216K, 0% used [0x00000000e4400000,0x00000000e4400000,0x00000000e4d00000)
 ParOldGen       total 44544K, used 12241K [0x00000000a0000000, 0x00000000a2b80000, 0x00000000e0000000)
  object space 44544K, 27% used [0x00000000a0000000,0x00000000a0bf4528,0x00000000a2b80000)
 Metaspace       used 34601K, capacity 35274K, committed 35416K, reserved 1079296K
  class space    used 4756K, capacity 4940K, committed 4952K, reserved 1048576K
Event: 33.312 GC heap after
Heap after GC invocations=13 (full 1):
 PSYoungGen      total 69120K, used 2182K [0x00000000e0000000, 0x00000000e4f80000, 0x0000000100000000)
  eden space 59904K, 0% used [0x00000000e0000000,0x00000000e0000000,0x00000000e3a80000)
  from space 9216K, 23% used [0x00000000e4400000,0x00000000e46218f8,0x00000000e4d00000)
  to   space 9728K, 0% used [0x00000000e3a80000,0x00000000e3a80000,0x00000000e4400000)
 ParOldGen       total 44544K, used 16258K [0x00000000a0000000, 0x00000000a2b80000, 0x00000000e0000000)
  object space 44544K, 36% used [0x00000000a0000000,0x00000000a0fe0998,0x00000000a2b80000)
 Metaspace       used 34601K, capacity 35274K, committed 35416K, reserved 1079296K
  class space    used 4756K, capacity 4940K, committed 4952K, reserved 1048576K
}
Event: 33.312 GC heap before
{Heap before GC invocations=14 (full 2):
 PSYoungGen      total 69120K, used 2182K [0x00000000e0000000, 0x00000000e4f80000, 0x0000000100000000)
  eden space 59904K, 0% used [0x00000000e0000000,0x00000000e0000000,0x00000000e3a80000)
  from space 9216K, 23% used [0x00000000e4400000,0x00000000e46218f8,0x00000000e4d00000)
  to   space 9728K, 0% used [0x00000000e3a80000,0x00000000e3a80000,0x00000000e4400000)
 ParOldGen       total 44544K, used 16258K [0x00000000a0000000, 0x00000000a2b80000, 0x00000000e0000000)
  object space 44544K, 36% used [0x00000000a0000000,0x00000000a0fe0998,0x00000000a2b80000)
 Metaspace       used 34601K, capacity 35274K, committed 35416K, reserved 1079296K
  class space    used 4756K, capacity 4940K, committed 4952K, reserved 1048576K
Event: 33.444 GC heap after
Heap after GC invocations=14 (full 2):
 PSYoungGen      total 69120K, used 0K [0x00000000e0000000, 0x00000000e4f80000, 0x0000000100000000)
  eden space 59904K, 0% used [0x00000000e0000000,0x00000000e0000000,0x00000000e3a80000)
  from space 9216K, 0% used [0x00000000e4400000,0x00000000e4400000,0x00000000e4d00000)
  to   space 9728K, 0% used [0x00000000e3a80000,0x00000000e3a80000,0x00000000e4400000)
 ParOldGen       total 69120K, used 17202K [0x00000000a0000000, 0x00000000a4380000, 0x00000000e0000000)
  object space 69120K, 24% used [0x00000000a0000000,0x00000000a10ccbc0,0x00000000a4380000)
 Metaspace       used 34597K, capacity 35262K, committed 35416K, reserved 1079296K
  class space    used 4755K, capacity 4938K, committed 4952K, reserved 1048576K
}
Event: 37.964 GC heap before
{Heap before GC invocations=15 (full 2):
 PSYoungGen      total 69120K, used 59729K [0x00000000e0000000, 0x00000000e4f80000, 0x0000000100000000)
  eden space 59904K, 99% used [0x00000000e0000000,0x00000000e3a545f8,0x00000000e3a80000)
  from space 9216K, 0% used [0x00000000e4400000,0x00000000e4400000,0x00000000e4d00000)
  to   space 9728K, 0% used [0x00000000e3a80000,0x00000000e3a80000,0x00000000e4400000)
 ParOldGen       total 69120K, used 17202K [0x00000000a0000000, 0x00000000a4380000, 0x00000000e0000000)
  object space 69120K, 24% used [0x00000000a0000000,0x00000000a10ccbc0,0x00000000a4380000)
 Metaspace       used 42361K, capacity 43242K, committed 43608K, reserved 1087488K
  class space    used 5715K, capacity 5941K, committed 5976K, reserved 1048576K
Event: 38.021 GC heap after
Heap after GC invocations=15 (full 2):
 PSYoungGen      total 69632K, used 9334K [0x00000000e0000000, 0x00000000e6480000, 0x0000000100000000)
  eden space 59904K, 0% used [0x00000000e0000000,0x00000000e0000000,0x00000000e3a80000)
  from space 9728K, 95% used [0x00000000e3a80000,0x00000000e439da28,0x00000000e4400000)
  to   space 10752K, 0% used [0x00000000e5a00000,0x00000000e5a00000,0x00000000e6480000)
 ParOldGen       total 69120K, used 17210K [0x00000000a0000000, 0x00000000a4380000, 0x00000000e0000000)
  object space 69120K, 24% used [0x00000000a0000000,0x00000000a10cebc0,0x00000000a4380000)
 Metaspace       used 42361K, capacity 43242K, committed 43608K, reserved 1087488K
  class space    used 5715K, capacity 5941K, committed 5976K, reserved 1048576K
}
Event: 42.301 GC heap before
{Heap before GC invocations=16 (full 2):
 PSYoungGen      total 69632K, used 69238K [0x00000000e0000000, 0x00000000e6480000, 0x0000000100000000)
  eden space 59904K, 100% used [0x00000000e0000000,0x00000000e3a80000,0x00000000e3a80000)
  from space 9728K, 95% used [0x00000000e3a80000,0x00000000e439da28,0x00000000e4400000)
  to   space 10752K, 0% used [0x00000000e5a00000,0x00000000e5a00000,0x00000000e6480000)
 ParOldGen       total 69120K, used 17210K [0x00000000a0000000, 0x00000000a4380000, 0x00000000e0000000)
  object space 69120K, 24% used [0x00000000a0000000,0x00000000a10cebc0,0x00000000a4380000)
 Metaspace       used 45400K, capacity 46326K, committed 46552K, reserved 1089536K
  class space    used 6106K, capacity 6338K, committed 6360K, reserved 1048576K
Event: 42.363 GC heap after
Heap after GC invocations=16 (full 2):
 PSYoungGen      total 92672K, used 6704K [0x00000000e0000000, 0x00000000e6480000, 0x0000000100000000)
  eden space 81920K, 0% used [0x00000000e0000000,0x00000000e0000000,0x00000000e5000000)
  from space 10752K, 62% used [0x00000000e5a00000,0x00000000e608c258,0x00000000e6480000)
  to   space 10240K, 0% used [0x00000000e5000000,0x00000000e5000000,0x00000000e5a00000)
 ParOldGen       total 69120K, used 20987K [0x00000000a0000000, 0x00000000a4380000, 0x00000000e0000000)
  object space 69120K, 30% used [0x00000000a0000000,0x00000000a147ec08,0x00000000a4380000)
 Metaspace       used 45400K, capacity 46326K, committed 46552K, reserved 1089536K
  class space    used 6106K, capacity 6338K, committed 6360K, reserved 1048576K
}
Event: 52.437 GC heap before
{Heap before GC invocations=17 (full 2):
 PSYoungGen      total 92672K, used 88624K [0x00000000e0000000, 0x00000000e6480000, 0x0000000100000000)
  eden space 81920K, 100% used [0x00000000e0000000,0x00000000e5000000,0x00000000e5000000)
  from space 10752K, 62% used [0x00000000e5a00000,0x00000000e608c258,0x00000000e6480000)
  to   space 10240K, 0% used [0x00000000e5000000,0x00000000e5000000,0x00000000e5a00000)
 ParOldGen       total 69120K, used 20987K [0x00000000a0000000, 0x00000000a4380000, 0x00000000e0000000)
  object space 69120K, 30% used [0x00000000a0000000,0x00000000a147ec08,0x00000000a4380000)
 Metaspace       used 51782K, capacity 53154K, committed 53208K, reserved 1095680K
  class space    used 7005K, capacity 7379K, committed 7384K, reserved 1048576K
Event: 52.454 GC heap after
Heap after GC invocations=17 (full 2):
 PSYoungGen      total 92160K, used 9560K [0x00000000e0000000, 0x00000000e8100000, 0x0000000100000000)
  eden space 81920K, 0% used [0x00000000e0000000,0x00000000e0000000,0x00000000e5000000)
  from space 10240K, 93% used [0x00000000e5000000,0x00000000e5956168,0x00000000e5a00000)
  to   space 11264K, 0% used [0x00000000e7600000,0x00000000e7600000,0x00000000e8100000)
 ParOldGen       total 69120K, used 25039K [0x00000000a0000000, 0x00000000a4380000, 0x00000000e0000000)
  object space 69120K, 36% used [0x00000000a0000000,0x00000000a1873c58,0x00000000a4380000)
 Metaspace       used 51782K, capacity 53154K, committed 53208K, reserved 1095680K
  class space    used 7005K, capacity 7379K, committed 7384K, reserved 1048576K
}

